1538461157289	mozrunner::runner	INFO	Running command: "C:\\Program Files\\Mozilla Firefox\\firefox.exe" "-marionette" "--headless" "-foreground" "-no-remote" "-profile" "C:\\Users\\jyp\\AppData\\Local\\Temp\\rust_mozprofile.T6KY7bR1QtgJ"
*** You are running in headless mode.
1538461158584	Marionette	INFO	Listening on port 57236
1538461158897	Marionette	WARN	TLS certificate errors will be ignored for this session
1538461158922	Marionette	DEBUG	[6442450945] Frame script loaded
1538461158928	Marionette	DEBUG	[6442450945] Frame script registered
1538461158942	Marionette	DEBUG	[6442450945] Received DOM event beforeunload for about:blank
1538461159790	Marionette	DEBUG	[6442450945] Received DOM event pagehide for about:blank
1538461159898	Marionette	DEBUG	[6442450945] Received DOM event DOMContentLoaded for https://www.google.com/
1538461160760	Marionette	DEBUG	[6442450945] Received DOM event pageshow for https://www.google.com/
1538461160800	Marionette	DEBUG	[6442450945] Received DOM event beforeunload for https://www.google.com/
1538461160883	Marionette	DEBUG	[6442450945] Received DOM event pagehide for https://www.google.com/
1538461160884	Marionette	DEBUG	[6442450945] Received DOM event unload for https://www.google.com/
1538461161182	Marionette	DEBUG	[6442450945] Received DOM event DOMContentLoaded for https://www.daum.net/
1538461161677	Marionette	DEBUG	[6442450945] Received DOM event pageshow for https://www.daum.net/
1538461161764	Marionette	INFO	Stopped listening on port 57236
[Child 11268, Chrome_ChildThread] WARNING: pipe error: 109: file z:/build/build/src/ipc/chromium/src/chrome/common/ipc_channel_win.cc, line 346
[Child 11268, Chrome_ChildThread] WARNING: pipe error: 109: file z:/build/build/src/ipc/chromium/src/chrome/common/ipc_channel_win.cc, line 346
[Child 12260, Chrome_ChildThread] WARNING: pipe error: 109: file z:/build/build/src/ipc/chromium/src/chrome/common/ipc_channel_win.cc, line 346
[Child 12260, Chrome_ChildThread] WARNING: pipe error: 109: file z:/build/build/src/ipc/chromium/src/chrome/common/ipc_channel_win.cc, line 346
1538461563664	mozrunner::runner	INFO	Running command: "C:\\Program Files\\Mozilla Firefox\\firefox.exe" "-marionette" "--headless" "-foreground" "-no-remote" "-profile" "C:\\Users\\jyp\\AppData\\Local\\Temp\\rust_mozprofile.j3leJ4hc0evv"
*** You are running in headless mode.
1538461564907	Marionette	INFO	Listening on port 57856
1538461565281	Marionette	WARN	TLS certificate errors will be ignored for this session
1538461565318	Marionette	DEBUG	[6442450945] Frame script loaded
1538461565324	Marionette	DEBUG	[6442450945] Frame script registered
1538461565339	Marionette	DEBUG	[6442450945] Received DOM event beforeunload for about:blank
1538461566145	Marionette	DEBUG	[6442450945] Received DOM event pagehide for about:blank
1538461566263	Marionette	DEBUG	[6442450945] Received DOM event DOMContentLoaded for https://www.google.com/
1538461567189	Marionette	DEBUG	[6442450945] Received DOM event pageshow for https://www.google.com/
1538461567228	Marionette	DEBUG	[6442450945] Received DOM event beforeunload for https://www.google.com/
1538461567304	Marionette	DEBUG	[6442450945] Received DOM event pagehide for https://www.google.com/
1538461567305	Marionette	DEBUG	[6442450945] Received DOM event unload for https://www.google.com/
1538461567633	Marionette	DEBUG	[6442450945] Received DOM event DOMContentLoaded for https://www.daum.net/
1538461568095	Marionette	DEBUG	[6442450945] Received DOM event pageshow for https://www.daum.net/
1538461568183	Marionette	INFO	Stopped listening on port 57856
[Parent 12348, Gecko_IOThread] WARNING: pipe error: 109: file z:/build/build/src/ipc/chromium/src/chrome/common/ipc_channel_win.cc, line 346
[Child 10320, Chrome_ChildThread] WARNING: pipe error: 109: file z:/build/build/src/ipc/chromium/src/chrome/common/ipc_channel_win.cc, line 346
[Child 10320, Chrome_ChildThread] WARNING: pipe error: 109: file z:/build/build/src/ipc/chromium/src/chrome/common/ipc_channel_win.cc, line 346
[Child 288, Chrome_ChildThread] WARNING: pipe error: 109: file z:/build/build/src/ipc/chromium/src/chrome/common/ipc_channel_win.cc, line 346
[Child 288, Chrome_ChildThread] WARNING: pipe error: 109: file z:/build/build/src/ipc/chromium/src/chrome/common/ipc_channel_win.cc, line 346
1538462671928	mozrunner::runner	INFO	Running command: "C:\\Program Files\\Mozilla Firefox\\firefox.exe" "-marionette" "--headless" "-foreground" "-no-remote" "-profile" "C:\\Users\\jyp\\AppData\\Local\\Temp\\rust_mozprofile.1YLbboN259QV"
*** You are running in headless mode.
1538462673220	Marionette	INFO	Listening on port 60041
1538462673533	Marionette	WARN	TLS certificate errors will be ignored for this session
1538462673557	Marionette	DEBUG	[6442450945] Frame script loaded
1538462673562	Marionette	DEBUG	[6442450945] Frame script registered
1538462673577	Marionette	DEBUG	[6442450945] Received DOM event beforeunload for about:blank
1538462674467	Marionette	DEBUG	[6442450945] Received DOM event pagehide for about:blank
1538462674559	Marionette	DEBUG	[6442450945] Received DOM event DOMContentLoaded for https://www.google.com/
1538462675393	Marionette	DEBUG	[6442450945] Received DOM event pageshow for https://www.google.com/
1538462675431	Marionette	DEBUG	[6442450945] Received DOM event beforeunload for https://www.google.com/
1538462675509	Marionette	DEBUG	[6442450945] Received DOM event pagehide for https://www.google.com/
1538462675511	Marionette	DEBUG	[6442450945] Received DOM event unload for https://www.google.com/
1538462675744	Marionette	DEBUG	[6442450945] Received DOM event DOMContentLoaded for https://www.daum.net/
1538462676184	Marionette	DEBUG	[6442450945] Received DOM event pageshow for https://www.daum.net/
1538462676263	Marionette	INFO	Stopped listening on port 60041
[Child 5952, Chrome_ChildThread] WARNING: pipe error: 109: file z:/build/build/src/ipc/chromium/src/chrome/common/ipc_channel_win.cc, line 346
[Child 5952, Chrome_ChildThread] WARNING: pipe error: 109: file z:/build/build/src/ipc/chromium/src/chrome/common/ipc_channel_win.cc, line 346
[Child 14812, Chrome_ChildThread] WARNING: pipe error: 109: file z:/build/build/src/ipc/chromium/src/chrome/common/ipc_channel_win.cc, line 346
[Child 9360, Chrome_ChildThread] WARNING: pipe error: 109: file z:/build/build/src/ipc/chromium/src/chrome/common/ipc_channel_win.cc, line 346
[Child 9360, Chrome_ChildThread] WARNING: pipe error: 109: file z:/build/build/src/ipc/chromium/src/chrome/common/ipc_channel_win.cc, line 346
1538462872079	mozrunner::runner	INFO	Running command: "C:\\Program Files\\Mozilla Firefox\\firefox.exe" "-marionette" "--headless" "-foreground" "-no-remote" "-profile" "C:\\Users\\jyp\\AppData\\Local\\Temp\\rust_mozprofile.6HemFC9DuHRg"
*** You are running in headless mode.
1538462873968	Marionette	INFO	Listening on port 49273
1538462874219	Marionette	WARN	TLS certificate errors will be ignored for this session
1538462874254	Marionette	DEBUG	[6442450945] Frame script loaded
1538462874261	Marionette	DEBUG	[6442450945] Frame script registered
1538462874278	Marionette	DEBUG	[6442450945] Received DOM event beforeunload for about:blank
1538462875242	Marionette	DEBUG	[6442450945] Received DOM event pagehide for about:blank
1538462875352	Marionette	DEBUG	[6442450945] Received DOM event DOMContentLoaded for https://www.google.com/
1538462876525	Marionette	DEBUG	[6442450945] Received DOM event pageshow for https://www.google.com/
1538462876585	Marionette	DEBUG	[6442450945] Received DOM event beforeunload for https://www.google.com/
1538462876669	Marionette	DEBUG	[6442450945] Received DOM event pagehide for https://www.google.com/
1538462876671	Marionette	DEBUG	[6442450945] Received DOM event unload for https://www.google.com/
1538462876942	Marionette	DEBUG	[6442450945] Received DOM event DOMContentLoaded for https://www.daum.net/
1538462877320	Marionette	DEBUG	[6442450945] Received DOM event pageshow for https://www.daum.net/
1538462877397	Marionette	INFO	Stopped listening on port 49273
[Parent 8560, Gecko_IOThread] WARNING: pipe error: 109: file z:/build/build/src/ipc/chromium/src/chrome/common/ipc_channel_win.cc, line 346
[Child 9712, Chrome_ChildThread] WARNING: pipe error: 109: file z:/build/build/src/ipc/chromium/src/chrome/common/ipc_channel_win.cc, line 346
[Child 9712, Chrome_ChildThread] WARNING: pipe error: 109: file z:/build/build/src/ipc/chromium/src/chrome/common/ipc_channel_win.cc, line 346
[Child 9868, Chrome_ChildThread] WARNING: pipe error: 109: file z:/build/build/src/ipc/chromium/src/chrome/common/ipc_channel_win.cc, line 346
[Parent 8560, Gecko_IOThread] WARNING: file z:/build/build/src/ipc/chromium/src/base/process_util_win.cc, line 188
1538462907748	mozrunner::runner	INFO	Running command: "C:\\Program Files\\Mozilla Firefox\\firefox.exe" "-marionette" "--headless" "-foreground" "-no-remote" "-profile" "C:\\Users\\jyp\\AppData\\Local\\Temp\\rust_mozprofile.XHbgsvXVZfdA"
*** You are running in headless mode.
1538462908936	Marionette	INFO	Listening on port 49369
1538462909363	Marionette	WARN	TLS certificate errors will be ignored for this session
1538462909409	Marionette	DEBUG	[6442450945] Frame script loaded
1538462909418	Marionette	DEBUG	[6442450945] Frame script registered
1538462909432	Marionette	DEBUG	[6442450945] Received DOM event beforeunload for about:blank
1538462910329	Marionette	DEBUG	[6442450945] Received DOM event pagehide for about:blank
1538462910427	Marionette	DEBUG	[6442450945] Received DOM event DOMContentLoaded for https://www.google.com/
1538462911693	Marionette	DEBUG	[6442450945] Received DOM event pageshow for https://www.google.com/
1538462911732	Marionette	DEBUG	[6442450945] Received DOM event beforeunload for https://www.google.com/
1538462911810	Marionette	DEBUG	[6442450945] Received DOM event pagehide for https://www.google.com/
1538462911811	Marionette	DEBUG	[6442450945] Received DOM event unload for https://www.google.com/
1538462912094	Marionette	DEBUG	[6442450945] Received DOM event DOMContentLoaded for https://www.daum.net/
1538462912552	Marionette	DEBUG	[6442450945] Received DOM event pageshow for https://www.daum.net/
1538462912630	Marionette	INFO	Stopped listening on port 49369
[Parent 9920, Gecko_IOThread] WARNING: pipe error: 109: file z:/build/build/src/ipc/chromium/src/chrome/common/ipc_channel_win.cc, line 346
[Child 9396, Chrome_ChildThread] WARNING: pipe error: 109: file z:/build/build/src/ipc/chromium/src/chrome/common/ipc_channel_win.cc, line 346
[Child 9396, Chrome_ChildThread] WARNING: pipe error: 109: file z:/build/build/src/ipc/chromium/src/chrome/common/ipc_channel_win.cc, line 346
[Child 9684, Chrome_ChildThread] WARNING: pipe error: 109: file z:/build/build/src/ipc/chromium/src/chrome/common/ipc_channel_win.cc, line 346
[Child 9684, Chrome_ChildThread] WARNING: pipe error: 109: file z:/build/build/src/ipc/chromium/src/chrome/common/ipc_channel_win.cc, line 346
[Child 9332, Chrome_ChildThread] WARNING: pipe error: 109: file z:/build/build/src/ipc/chromium/src/chrome/common/ipc_channel_win.cc, line 346
[Child 9332, Chrome_ChildThread] WARNING: pipe error: 109: file z:/build/build/src/ipc/chromium/src/chrome/common/ipc_channel_win.cc, line 346
1538462937283	mozrunner::runner	INFO	Running command: "C:\\Program Files\\Mozilla Firefox\\firefox.exe" "-marionette" "--headless" "-foreground" "-no-remote" "-profile" "C:\\Users\\jyp\\AppData\\Local\\Temp\\rust_mozprofile.S2sBa5iVTa58"
*** You are running in headless mode.
1538462938504	Marionette	INFO	Listening on port 49463
1538462938897	Marionette	WARN	TLS certificate errors will be ignored for this session
1538462938920	Marionette	DEBUG	[6442450945] Frame script loaded
1538462938925	Marionette	DEBUG	[6442450945] Frame script registered
1538462938941	Marionette	DEBUG	[6442450945] Received DOM event beforeunload for about:blank
1538462939794	Marionette	DEBUG	[6442450945] Received DOM event pagehide for about:blank
1538462939891	Marionette	DEBUG	[6442450945] Received DOM event DOMContentLoaded for https://www.google.com/
1538462941039	Marionette	DEBUG	[6442450945] Received DOM event pageshow for https://www.google.com/
1538462941102	Marionette	DEBUG	[6442450945] Received DOM event beforeunload for https://www.google.com/
1538462941182	Marionette	DEBUG	[6442450945] Received DOM event pagehide for https://www.google.com/
1538462941185	Marionette	DEBUG	[6442450945] Received DOM event unload for https://www.google.com/
1538462941405	Marionette	DEBUG	[6442450945] Received DOM event DOMContentLoaded for https://www.daum.net/
1538462941928	Marionette	DEBUG	[6442450945] Received DOM event pageshow for https://www.daum.net/
1538462942006	Marionette	INFO	Stopped listening on port 49463
[Parent 9440, Gecko_IOThread] WARNING: pipe error: 109: file z:/build/build/src/ipc/chromium/src/chrome/common/ipc_channel_win.cc, line 346
[Child 8660, Chrome_ChildThread] WARNING: pipe error: 109: file z:/build/build/src/ipc/chromium/src/chrome/common/ipc_channel_win.cc, line 346
[Child 8660, Chrome_ChildThread] WARNING: pipe error: 109: file z:/build/build/src/ipc/chromium/src/chrome/common/ipc_channel_win.cc, line 346
[Child 3024, Chrome_ChildThread] WARNING: pipe error: 109: file z:/build/build/src/ipc/chromium/src/chrome/common/ipc_channel_win.cc, line 346
[Parent 9440, Gecko_IOThread] WARNING: file z:/build/build/src/ipc/chromium/src/base/process_util_win.cc, line 188
1538462991464	mozrunner::runner	INFO	Running command: "C:\\Program Files\\Mozilla Firefox\\firefox.exe" "-marionette" "--headless" "-foreground" "-no-remote" "-profile" "C:\\Users\\jyp\\AppData\\Local\\Temp\\rust_mozprofile.S2UaTlTZMNJ2"
*** You are running in headless mode.
1538462992663	Marionette	INFO	Listening on port 49562
1538462993089	Marionette	WARN	TLS certificate errors will be ignored for this session
1538462993176	Marionette	DEBUG	[6442450945] Frame script loaded
1538462993184	Marionette	DEBUG	[6442450945] Frame script registered
1538462993207	Marionette	DEBUG	[6442450945] Received DOM event beforeunload for about:blank
1538462994092	Marionette	DEBUG	[6442450945] Received DOM event pagehide for about:blank
1538462994190	Marionette	DEBUG	[6442450945] Received DOM event DOMContentLoaded for https://www.google.com/
1538462995331	Marionette	DEBUG	[6442450945] Received DOM event pageshow for https://www.google.com/
1538462995377	Marionette	DEBUG	[6442450945] Received DOM event beforeunload for https://www.google.com/
1538462995454	Marionette	DEBUG	[6442450945] Received DOM event pagehide for https://www.google.com/
1538462995455	Marionette	DEBUG	[6442450945] Received DOM event unload for https://www.google.com/
1538462995745	Marionette	DEBUG	[6442450945] Received DOM event DOMContentLoaded for https://www.daum.net/
1538462996151	Marionette	DEBUG	[6442450945] Received DOM event pageshow for https://www.daum.net/
1538462996233	Marionette	INFO	Stopped listening on port 49562
[Parent 9852, Gecko_IOThread] WARNING: pipe error: 109: file z:/build/build/src/ipc/chromium/src/chrome/common/ipc_channel_win.cc, line 346
[Child 9496, Chrome_ChildThread] WARNING: pipe error: 109: file z:/build/build/src/ipc/chromium/src/chrome/common/ipc_channel_win.cc, line 346
[Child 9496, Chrome_ChildThread] WARNING: pipe error: 109: file z:/build/build/src/ipc/chromium/src/chrome/common/ipc_channel_win.cc, line 346
[Parent 9852, Gecko_IOThread] WARNING: pipe error: 109: file z:/build/build/src/ipc/chromium/src/chrome/common/ipc_channel_win.cc, line 346
[Child 4508, Chrome_ChildThread] WARNING: pipe error: 109: file z:/build/build/src/ipc/chromium/src/chrome/common/ipc_channel_win.cc, line 346
[Parent 9852, Gecko_IOThread] WARNING: file z:/build/build/src/ipc/chromium/src/base/process_util_win.cc, line 188
1538463028784	mozrunner::runner	INFO	Running command: "C:\\Program Files\\Mozilla Firefox\\firefox.exe" "-marionette" "--headless" "-foreground" "-no-remote" "-profile" "C:\\Users\\jyp\\AppData\\Local\\Temp\\rust_mozprofile.uKkgYp6j1bvY"
*** You are running in headless mode.
1538463029966	Marionette	INFO	Listening on port 49655
1538463030400	Marionette	WARN	TLS certificate errors will be ignored for this session
1538463030460	Marionette	DEBUG	[6442450945] Frame script loaded
1538463030469	Marionette	DEBUG	[6442450945] Frame script registered
1538463030488	Marionette	DEBUG	[6442450945] Received DOM event beforeunload for about:blank
1538463031629	Marionette	DEBUG	[6442450945] Received DOM event pagehide for about:blank
1538463031736	Marionette	DEBUG	[6442450945] Received DOM event DOMContentLoaded for https://www.google.com/
1538463032872	Marionette	DEBUG	[6442450945] Received DOM event pageshow for https://www.google.com/
1538463032913	Marionette	DEBUG	[6442450945] Received DOM event beforeunload for https://www.google.com/
1538463032987	Marionette	DEBUG	[6442450945] Received DOM event pagehide for https://www.google.com/
1538463032989	Marionette	DEBUG	[6442450945] Received DOM event unload for https://www.google.com/
1538463033265	Marionette	DEBUG	[6442450945] Received DOM event DOMContentLoaded for https://www.daum.net/
1538463033699	Marionette	DEBUG	[6442450945] Received DOM event pageshow for https://www.daum.net/
1538463033778	Marionette	INFO	Stopped listening on port 49655
[Parent 9224, Gecko_IOThread] WARNING: pipe error: 109: file z:/build/build/src/ipc/chromium/src/chrome/common/ipc_channel_win.cc, line 346
[Child 9272, Chrome_ChildThread] WARNING: pipe error: 109: file z:/build/build/src/ipc/chromium/src/chrome/common/ipc_channel_win.cc, line 346
[Child 9272, Chrome_ChildThread] WARNING: pipe error: 109: file z:/build/build/src/ipc/chromium/src/chrome/common/ipc_channel_win.cc, line 346
[Child 2080, Chrome_ChildThread] WARNING: pipe error: 109: file z:/build/build/src/ipc/chromium/src/chrome/common/ipc_channel_win.cc, line 346
[Child 2080, Chrome_ChildThread] WARNING: pipe error: 109: file z:/build/build/src/ipc/chromium/src/chrome/common/ipc_channel_win.cc, line 346
[Child 4552, Chrome_ChildThread] WARNING: pipe error: 109: file z:/build/build/src/ipc/chromium/src/chrome/common/ipc_channel_win.cc, line 346
[Child 4552, Chrome_ChildThread] WARNING: pipe error: 109: file z:/build/build/src/ipc/chromium/src/chrome/common/ipc_channel_win.cc, line 346
1538463067700	mozrunner::runner	INFO	Running command: "C:\\Program Files\\Mozilla Firefox\\firefox.exe" "-marionette" "--headless" "-foreground" "-no-remote" "-profile" "C:\\Users\\jyp\\AppData\\Local\\Temp\\rust_mozprofile.G1Pv428xDgBN"
*** You are running in headless mode.
1538463068931	Marionette	INFO	Listening on port 49756
1538463069314	Marionette	WARN	TLS certificate errors will be ignored for this session
1538463069361	Marionette	DEBUG	[6442450945] Frame script loaded
1538463069370	Marionette	DEBUG	[6442450945] Frame script registered
1538463069393	Marionette	DEBUG	[6442450945] Received DOM event beforeunload for about:blank
1538463070289	Marionette	DEBUG	[6442450945] Received DOM event pagehide for about:blank
1538463070364	Marionette	DEBUG	[6442450945] Received DOM event DOMContentLoaded for https://www.google.com/
1538463071480	Marionette	DEBUG	[6442450945] Received DOM event pageshow for https://www.google.com/
1538463071527	Marionette	DEBUG	[6442450945] Received DOM event beforeunload for https://www.google.com/
1538463071609	Marionette	DEBUG	[6442450945] Received DOM event pagehide for https://www.google.com/
1538463071612	Marionette	DEBUG	[6442450945] Received DOM event unload for https://www.google.com/
1538463071871	Marionette	DEBUG	[6442450945] Received DOM event DOMContentLoaded for https://www.daum.net/
1538463072252	Marionette	DEBUG	[6442450945] Received DOM event pageshow for https://www.daum.net/
1538463072332	Marionette	INFO	Stopped listening on port 49756
[Child 9708, Chrome_ChildThread] WARNING: pipe error: 109: file z:/build/build/src/ipc/chromium/src/chrome/common/ipc_channel_win.cc, line 346
[Parent 9384, Gecko_IOThread] WARNING: pipe error: 109: file z:/build/build/src/ipc/chromium/src/chrome/common/ipc_channel_win.cc, line 346
[Child 9508, Chrome_ChildThread] WARNING: pipe error: 109: file z:/build/build/src/ipc/chromium/src/chrome/common/ipc_channel_win.cc, line 346
[Child 9864, Chrome_ChildThread] WARNING: pipe error: 109: file z:/build/build/src/ipc/chromium/src/chrome/common/ipc_channel_win.cc, line 346
[Parent 9384, Gecko_IOThread] WARNING: file z:/build/build/src/ipc/chromium/src/base/process_util_win.cc, line 188
1538463484787	mozrunner::runner	INFO	Running command: "C:\\Program Files\\Mozilla Firefox\\firefox.exe" "-marionette" "--headless" "-foreground" "-no-remote" "-profile" "C:\\Users\\jyp\\AppData\\Local\\Temp\\rust_mozprofile.ClfaXq9Bi764"
*** You are running in headless mode.
1538463486054	Marionette	INFO	Listening on port 49928
1538463486406	Marionette	WARN	TLS certificate errors will be ignored for this session
1538463486449	Marionette	DEBUG	[6442450945] Frame script loaded
1538463486455	Marionette	DEBUG	[6442450945] Frame script registered
1538463486473	Marionette	DEBUG	[6442450945] Received DOM event beforeunload for about:blank
1538463487351	Marionette	DEBUG	[6442450945] Received DOM event pagehide for about:blank
1538463487475	Marionette	DEBUG	[6442450945] Received DOM event DOMContentLoaded for https://www.google.com/
1538463488624	Marionette	DEBUG	[6442450945] Received DOM event pageshow for https://www.google.com/
1538463488667	Marionette	DEBUG	[6442450945] Received DOM event beforeunload for https://www.google.com/
1538463488769	Marionette	DEBUG	[6442450945] Received DOM event pagehide for https://www.google.com/
1538463488770	Marionette	DEBUG	[6442450945] Received DOM event unload for https://www.google.com/
1538463489013	Marionette	DEBUG	[6442450945] Received DOM event DOMContentLoaded for https://www.daum.net/
1538463489442	Marionette	DEBUG	[6442450945] Received DOM event pageshow for https://www.daum.net/
1538463489524	Marionette	INFO	Stopped listening on port 49928
[Child 3580, Chrome_ChildThread] WARNING: pipe error: 109: file z:/build/build/src/ipc/chromium/src/chrome/common/ipc_channel_win.cc, line 346
[Child 3580, Chrome_ChildThread] WARNING: pipe error: 109: file z:/build/build/src/ipc/chromium/src/chrome/common/ipc_channel_win.cc, line 346
[Child 9036, Chrome_ChildThread] WARNING: pipe error: 109: file z:/build/build/src/ipc/chromium/src/chrome/common/ipc_channel_win.cc, line 346
1538463543748	mozrunner::runner	INFO	Running command: "C:\\Program Files\\Mozilla Firefox\\firefox.exe" "-marionette" "--headless" "-foreground" "-no-remote" "-profile" "C:\\Users\\jyp\\AppData\\Local\\Temp\\rust_mozprofile.BoDRYRDBtHhP"
*** You are running in headless mode.
1538463544950	Marionette	INFO	Listening on port 50028
1538463545365	Marionette	WARN	TLS certificate errors will be ignored for this session
1538463545418	Marionette	DEBUG	[6442450945] Frame script loaded
1538463545428	Marionette	DEBUG	[6442450945] Frame script registered
1538463545452	Marionette	DEBUG	[6442450945] Received DOM event beforeunload for about:blank
1538463546387	Marionette	DEBUG	[6442450945] Received DOM event pagehide for about:blank
1538463546502	Marionette	DEBUG	[6442450945] Received DOM event DOMContentLoaded for https://www.google.com/
1538463547139	Marionette	DEBUG	[6442450945] Received DOM event pageshow for https://www.google.com/
1538463547209	Marionette	DEBUG	[6442450945] Received DOM event beforeunload for https://www.google.com/
1538463547305	Marionette	DEBUG	[6442450945] Received DOM event pagehide for https://www.google.com/
1538463547307	Marionette	DEBUG	[6442450945] Received DOM event unload for https://www.google.com/
1538463547536	Marionette	DEBUG	[6442450945] Received DOM event DOMContentLoaded for https://www.daum.net/
1538463547951	Marionette	DEBUG	[6442450945] Received DOM event pageshow for https://www.daum.net/
1538463548031	Marionette	INFO	Stopped listening on port 50028
[Parent 1500, Gecko_IOThread] WARNING: pipe error: 109: file z:/build/build/src/ipc/chromium/src/chrome/common/ipc_channel_win.cc, line 346
[Child 8584, Chrome_ChildThread] WARNING: pipe error: 109: file z:/build/build/src/ipc/chromium/src/chrome/common/ipc_channel_win.cc, line 346
[Child 8584, Chrome_ChildThread] WARNING: pipe error: 109: file z:/build/build/src/ipc/chromium/src/chrome/common/ipc_channel_win.cc, line 346
[Child 9252, Chrome_ChildThread] WARNING: pipe error: 109: file z:/build/build/src/ipc/chromium/src/chrome/common/ipc_channel_win.cc, line 346
[Child 9252, Chrome_ChildThread] WARNING: pipe error: 109: file z:/build/build/src/ipc/chromium/src/chrome/common/ipc_channel_win.cc, line 346
1538484155094	mozrunner::runner	INFO	Running command: "C:\\Program Files\\Mozilla Firefox\\firefox.exe" "-marionette" "--headless" "-foreground" "-no-remote" "-profile" "C:\\Users\\jyp\\AppData\\Local\\Temp\\rust_mozprofile.YWCggBpC95Zh"
*** You are running in headless mode.
1538484156963	Marionette	INFO	Listening on port 64271
1538484157225	Marionette	WARN	TLS certificate errors will be ignored for this session
1538484157270	Marionette	DEBUG	[6442450945] Frame script loaded
1538484157277	Marionette	DEBUG	[6442450945] Frame script registered
1538484157299	Marionette	DEBUG	[6442450945] Received DOM event beforeunload for about:blank
1538484158170	Marionette	DEBUG	[6442450945] Received DOM event pagehide for about:blank
1538484158265	Marionette	DEBUG	[6442450945] Received DOM event DOMContentLoaded for https://www.google.com/
1538484159424	Marionette	DEBUG	[6442450945] Received DOM event pageshow for https://www.google.com/
1538484159470	Marionette	DEBUG	[6442450945] Received DOM event beforeunload for https://www.google.com/
1538484159552	Marionette	DEBUG	[6442450945] Received DOM event pagehide for https://www.google.com/
1538484159553	Marionette	DEBUG	[6442450945] Received DOM event unload for https://www.google.com/
1538484159799	Marionette	DEBUG	[6442450945] Received DOM event DOMContentLoaded for https://www.daum.net/
1538484160227	Marionette	DEBUG	[6442450945] Received DOM event pageshow for https://www.daum.net/
1538484160311	Marionette	INFO	Stopped listening on port 64271
[Parent 5116, Gecko_IOThread] WARNING: pipe error: 109: file z:/build/build/src/ipc/chromium/src/chrome/common/ipc_channel_win.cc, line 346
[Child 4196, Chrome_ChildThread] WARNING: pipe error: 109: file z:/build/build/src/ipc/chromium/src/chrome/common/ipc_channel_win.cc, line 346
[Child 4196, Chrome_ChildThread] WARNING: pipe error: 109: file z:/build/build/src/ipc/chromium/src/chrome/common/ipc_channel_win.cc, line 346
[Child 9500, Chrome_ChildThread] WARNING: pipe error: 109: file z:/build/build/src/ipc/chromium/src/chrome/common/ipc_channel_win.cc, line 346
[Child 5940, Chrome_ChildThread] WARNING: pipe error: 109: file z:/build/build/src/ipc/chromium/src/chrome/common/ipc_channel_win.cc, line 346
[Child 5940, Chrome_ChildThread] WARNING: pipe error: 109: file z:/build/build/src/ipc/chromium/src/chrome/common/ipc_channel_win.cc, line 346
